2025-06-18 20:03:48,296 INFO 模型配置:
2025-06-18 20:03:48,297 INFO   batch_size: 2
2025-06-18 20:03:48,297 INFO   learning_rate: 0.001
2025-06-18 20:03:48,297 INFO   epochs: 50
2025-06-18 20:03:48,297 INFO   embed_dim: 32
2025-06-18 20:03:48,297 INFO   num_heads: 4
2025-06-18 20:03:48,297 INFO   num_layers: 1
2025-06-18 20:03:48,298 INFO   ffn_dim: 128
2025-06-18 20:03:48,298 INFO   window_size: 8
2025-06-18 20:03:48,298 INFO   dropout: 0.1
2025-06-18 20:03:48,298 INFO   kernel_sizes: [3, 5, 7, 9]
2025-06-18 20:03:48,298 INFO   period: 100
2025-06-18 20:03:48,298 INFO   patience: 15
2025-06-18 20:03:49,104 INFO 使用设备: cuda
2025-06-18 20:03:49,104 INFO 加载数据集...
2025-06-18 20:03:49,151 INFO 训练集样本数: 1386
2025-06-18 20:03:49,152 INFO 验证集样本数: 462
2025-06-18 20:03:49,152 INFO 测试集样本数: 462
2025-06-18 20:03:49,152 INFO 创建模型...
2025-06-18 20:03:49,446 INFO 模型总参数量: 208,237
2025-06-18 20:03:49,447 INFO 可训练参数量: 208,237
2025-06-18 20:03:50,780 INFO 开始训练...
2025-06-18 20:12:36,293 ERROR 训练过程中出错: Input contains NaN.
2025-06-18 20:12:36,303 INFO 程序执行完毕!
